2023-11-14 10:10:55,078 - INFO - /Users/lijiawei/Downloads/jxhys/c
2023-11-14 10:10:55,078 - INFO - start cluster
2023-11-14 10:12:05,728 - INFO - /Users/lijiawei/Downloads/jxhys/c
2023-11-14 10:12:05,728 - INFO - start cluster
2023-11-14 15:20:57,234 - INFO - /Users/lijiawei/Downloads/jxhys/W
2023-11-14 15:20:57,234 - INFO - start cluster
2023-11-14 15:52:06,942 - INFO - /Users/lijiawei/Downloads/jxhys/W
2023-11-14 15:52:06,942 - INFO - start cluster
2023-11-14 15:58:00,519 - INFO - /Users/lijiawei/Downloads/jxhys/W
2023-11-14 15:58:00,519 - INFO - start cluster
2023-11-15 13:28:07,842 - INFO - /Users/lijiawei/Downloads/jxhys/W
2023-11-15 13:28:07,842 - INFO - start cluster
2023-11-15 13:36:40,515 - INFO - /Users/lijiawei/Downloads/jxhys/W
2023-11-15 13:36:40,515 - INFO - start cluster
2023-11-20 11:26:25,332 - INFO - 
2023-11-20 11:26:25,332 - INFO - start cluster
2023-11-20 13:10:34,888 - INFO - 
2023-11-20 13:10:34,889 - INFO - start cluster
2023-11-20 13:44:09,974 - INFO - /Users/lijiawei/Downloads/jxhys/W
2023-11-20 13:44:09,976 - INFO - start cluster
2023-11-20 13:49:37,134 - INFO - /Users/lijiawei/Downloads/jxhys/W
2023-11-20 13:49:37,134 - INFO - start cluster
2023-11-20 13:54:11,788 - INFO - /Users/lijiawei/Downloads/jxhys/W
2023-11-20 13:54:11,788 - INFO - start cluster
2023-11-20 13:59:47,999 - INFO - /Users/lijiawei/Downloads/jxhys/W
2023-11-20 13:59:48,000 - INFO - start cluster
2023-11-20 14:07:53,968 - INFO - /Users/lijiawei/Downloads/jxhys/W
2023-11-20 14:07:53,968 - INFO - start cluster
2023-11-20 14:10:54,653 - INFO - /Users/lijiawei/Downloads/jxhys/W
2023-11-20 14:10:54,654 - INFO - start cluster
2023-11-20 14:17:57,019 - INFO - /Users/lijiawei/Downloads/jxhys/W
2023-11-20 14:17:57,019 - INFO - start cluster
2023-11-20 15:24:44,664 - INFO - /Users/lijiawei/Downloads/jxhys/W
2023-11-20 15:24:44,664 - INFO - start cluster
2023-11-20 16:37:15,989 - INFO - /Users/lijiawei/Downloads/jxhys/W
2023-11-20 16:37:15,989 - INFO - start cluster
2023-11-20 16:39:32,803 - INFO - /Users/lijiawei/Downloads/jxhys/W
2023-11-20 16:39:32,803 - INFO - start cluster
2023-11-20 16:46:20,762 - INFO - /Users/lijiawei/Downloads/jxhys/W
2023-11-20 16:46:20,762 - INFO - start cluster
2023-11-20 17:28:22,321 - INFO - /Users/lijiawei/Downloads/jxhys/W
2023-11-20 17:28:22,321 - INFO - start cluster
2023-11-20 18:55:07,882 - INFO - C:/Users/Allan/Desktop/IdentifyPreciousImage/IdentifyPreciousImage/testdata
2023-11-20 18:55:07,882 - INFO - start cluster
2023-11-20 19:13:23,141 - INFO - C:/Users/Allan/Desktop/IdentifyPreciousImage/IdentifyPreciousImage/testdata
2023-11-20 19:13:23,142 - INFO - start cluster
2023-11-28 20:49:23,520 - INFO - /Users/lijiawei/Downloads/jxhys/W
2023-11-28 20:49:23,521 - INFO - start cluster
2023-11-28 20:53:38,679 - INFO - /Users/lijiawei/Downloads/jxhys/W
2023-11-28 20:53:38,679 - INFO - start cluster
2023-11-28 21:00:09,309 - INFO - /Users/lijiawei/Downloads/jxhys/W
2023-11-28 21:00:09,309 - INFO - start cluster
2023-12-14 17:19:19,880 - INFO - /Users/lijiawei/Downloads/jxhys/W
2023-12-14 17:19:19,880 - INFO - start cluster
2023-12-14 17:27:17,048 - INFO - /Users/lijiawei/Downloads/jxhys/W
2023-12-14 17:27:17,049 - INFO - start cluster
2023-12-14 18:34:37,794 - INFO - /Users/lijiawei/Downloads/jxhys/W
2023-12-14 18:34:37,795 - INFO - start cluster
2023-12-14 18:52:00,488 - INFO - /Users/lijiawei/Downloads/jxhys/W
2023-12-14 18:52:00,489 - INFO - start cluster
2023-12-14 19:18:08,338 - INFO - /Users/lijiawei/Downloads/jxhys/W
2023-12-14 19:18:08,339 - INFO - start cluster
